2020/05/18 10:43:53 INFO  - jmeter.util.JMeterUtils: Setting Locale to en_US 
2020/05/18 10:43:53 INFO  - jmeter.JMeter: Loading user properties from: D:\ED\apache-jmeter-2.13\bin\user.properties 
2020/05/18 10:43:53 INFO  - jmeter.JMeter: Loading system properties from: D:\ED\apache-jmeter-2.13\bin\system.properties 
2020/05/18 10:43:53 INFO  - jmeter.JMeter: Copyright (c) 1998-2015 The Apache Software Foundation 
2020/05/18 10:43:53 INFO  - jmeter.JMeter: Version 2.13 r1665067 
2020/05/18 10:43:53 INFO  - jmeter.JMeter: java.version=1.8.0_231 
2020/05/18 10:43:53 INFO  - jmeter.JMeter: java.vm.name=Java HotSpot(TM) 64-Bit Server VM 
2020/05/18 10:43:53 INFO  - jmeter.JMeter: os.name=Windows 10 
2020/05/18 10:43:53 INFO  - jmeter.JMeter: os.arch=amd64 
2020/05/18 10:43:53 INFO  - jmeter.JMeter: os.version=10.0 
2020/05/18 10:43:53 INFO  - jmeter.JMeter: file.encoding=Cp1252 
2020/05/18 10:43:53 INFO  - jmeter.JMeter: Default Locale=English (United States) 
2020/05/18 10:43:53 INFO  - jmeter.JMeter: JMeter  Locale=English (United States) 
2020/05/18 10:43:53 INFO  - jmeter.JMeter: JMeterHome=D:\ED\apache-jmeter-2.13 
2020/05/18 10:43:53 INFO  - jmeter.JMeter: user.dir  =C:\Users\GI-LAB\ED-WorkSpace\ED_Robot_Project 
2020/05/18 10:43:53 INFO  - jmeter.JMeter: PWD       =C:\Users\GI-LAB\ED-WorkSpace\ED_Robot_Project 
2020/05/18 10:43:53 INFO  - jmeter.JMeter: IP: 100.20.43.158 Name: DESKTOP-717VC69 FullName: DESKTOP-717VC69 
2020/05/18 10:43:53 INFO  - jmeter.services.FileServer: Default base='C:\Users\GI-LAB\ED-WorkSpace\ED_Robot_Project' 
2020/05/18 10:43:53 INFO  - jmeter.services.FileServer: Set new base='D:\ED\JmetterFile' 
2020/05/18 10:43:54 INFO  - jmeter.save.SaveService: Testplan (JMX) version: 2.2. Testlog (JTL) version: 2.2 
2020/05/18 10:43:54 INFO  - jmeter.save.SaveService: Using SaveService properties file encoding UTF-8 
2020/05/18 10:43:54 INFO  - jmeter.save.SaveService: Using SaveService properties file version 1656252 
2020/05/18 10:43:54 INFO  - jmeter.save.SaveService: Using SaveService properties version 2.8 
2020/05/18 10:43:54 INFO  - jmeter.save.SaveService: All converter versions present and correct 
2020/05/18 10:43:54 INFO  - jmeter.save.SaveService: Loading file: D:\ED\JmetterFile\TC1728.jmx 
2020/05/18 10:43:54 INFO  - jmeter.protocol.http.sampler.HTTPSamplerBase: Cannot find .className property for htmlParser, using default 
2020/05/18 10:43:54 INFO  - jmeter.protocol.http.sampler.HTTPSamplerBase: Parser for text/html is  
2020/05/18 10:43:54 INFO  - jmeter.protocol.http.sampler.HTTPSamplerBase: Parser for application/xhtml+xml is  
2020/05/18 10:43:54 INFO  - jmeter.protocol.http.sampler.HTTPSamplerBase: Parser for application/xml is  
2020/05/18 10:43:54 INFO  - jmeter.protocol.http.sampler.HTTPSamplerBase: Parser for text/xml is  
2020/05/18 10:43:54 INFO  - jmeter.protocol.http.sampler.HTTPSamplerBase: Parser for text/vnd.wap.wml is org.apache.jmeter.protocol.http.parser.RegexpHTMLParser 
2020/05/18 10:43:54 INFO  - jmeter.JMeter: Creating summariser <summary> 
2020/05/18 10:43:54 INFO  - jmeter.engine.StandardJMeterEngine: Listeners will be started after enabling running version 
2020/05/18 10:43:54 INFO  - jmeter.engine.StandardJMeterEngine: To revert to the earlier behaviour, define jmeterengine.startlistenerslater=false 
2020/05/18 10:43:54 INFO  - jmeter.engine.StandardJMeterEngine: Running the test! 
2020/05/18 10:43:54 INFO  - jmeter.samplers.SampleEvent: List of sample_variables: [] 
2020/05/18 10:43:54 INFO  - jmeter.samplers.SampleEvent: List of sample_variables: [] 
2020/05/18 10:43:54 INFO  - jmeter.engine.util.CompoundVariable: Note: Function class names must contain the string: '.functions.' 
2020/05/18 10:43:54 INFO  - jmeter.engine.util.CompoundVariable: Note: Function class names must not contain the string: '.gui.' 
2020/05/18 10:43:54 INFO  - jmeter.JMeter: Running test (1589773434082) 
2020/05/18 10:43:54 INFO  - jmeter.engine.StandardJMeterEngine: Starting ThreadGroup: 1 : Thread Group 
2020/05/18 10:43:54 INFO  - jmeter.engine.StandardJMeterEngine: Starting 1 threads for group Thread Group. 
2020/05/18 10:43:54 INFO  - jmeter.engine.StandardJMeterEngine: Thread will continue on error 
2020/05/18 10:43:54 INFO  - jmeter.threads.ThreadGroup: Starting thread group number 1 threads 1 ramp-up 1 perThread 1000.0 delayedStart=false 
2020/05/18 10:43:54 INFO  - jmeter.threads.JMeterThread: jmeterthread.startearlier=true (see jmeter.properties) 
2020/05/18 10:43:54 INFO  - jmeter.threads.JMeterThread: Running PostProcessors in forward order 
2020/05/18 10:43:54 INFO  - jmeter.threads.ThreadGroup: Started thread group number 1 
2020/05/18 10:43:54 INFO  - jmeter.engine.StandardJMeterEngine: All thread groups have been started 
2020/05/18 10:43:54 INFO  - jmeter.threads.JMeterThread: Thread started: Thread Group 1-1 
2020/05/18 10:43:54 INFO  - jmeter.services.FileServer: Stored: D:\TMA\TaiLieu\EngagementDesigner\JMeter\kha\email_Subject.csv 
2020/05/18 10:43:54 ERROR - jmeter.config.CSVDataSet: java.io.FileNotFoundException: D:\TMA\TaiLieu\EngagementDesigner\JMeter\kha\email_Subject.csv (The system cannot find the path specified) 
2020/05/18 10:43:54 INFO  - jmeter.protocol.http.sampler.HTTPJavaImpl: Maximum connection retries = 10 
2020/05/18 10:43:54 INFO  - jmeter.samplers.SampleResult: Note: Sample TimeStamps are START times 
2020/05/18 10:43:54 INFO  - jmeter.samplers.SampleResult: sampleresult.default.encoding is set to ISO-8859-1 
2020/05/18 10:43:54 INFO  - jmeter.samplers.SampleResult: sampleresult.useNanoTime=true 
2020/05/18 10:43:54 INFO  - jmeter.samplers.SampleResult: sampleresult.nanoThreadSleep=5000 
2020/05/18 10:43:54 INFO  - jmeter.util.JsseSSLManager: Using default SSL protocol: TLS 
2020/05/18 10:43:54 INFO  - jmeter.util.JsseSSLManager: SSL session context: per-thread 
2020/05/18 10:43:54 INFO  - jmeter.util.SSLManager: JmeterKeyStore Location:  type JKS 
2020/05/18 10:43:54 INFO  - jmeter.util.SSLManager: KeyStore created OK 
2020/05/18 10:43:54 WARN  - jmeter.util.SSLManager: Keystore file not found, loading empty keystore 
2020/05/18 10:43:54 INFO  - jmeter.threads.JMeterThread: Thread is done: Thread Group 1-1 
2020/05/18 10:43:54 INFO  - jmeter.threads.JMeterThread: Thread finished: Thread Group 1-1 
2020/05/18 10:43:54 INFO  - jmeter.engine.StandardJMeterEngine: Notifying test listeners of end of test 
2020/05/18 10:43:54 INFO  - jmeter.reporters.Summariser: summary =      1 in   0.3s =    3.0/s Avg:   256 Min:   256 Max:   256 Err:     0 (0.00%) 
